C51 COMPILER V9.60.0.0   APPMSTAR                                                          12/25/2020 09:24:49 PAGE 1   


C51 COMPILER V9.60.0.0, COMPILATION OF MODULE APPMSTAR
OBJECT MODULE PLACED IN .\Obj\appmStar.obj
COMPILER INVOKED BY: C:\Keil_v5\C51\BIN\C51.EXE ..\DRIVER\appmStar.c OPTIMIZE(9,SPEED) BROWSE INCDIR(..\KERNEL\SYSTEM\IN
                    -C;..\KERNEL\SCALER\INC;..\DRIVER\extDEVICE\INC;..\LIB\INC;..\PANEL\INC;..\UI\BOARD;..\UI\INC;..\UI\MODEL;..\DRIVER\INC;.
                    -.\Customer) DEFINE(ModelName=TSUMXX9_DEMO) DEBUG OBJECTEXTEND PRINT(.\List\appmStar.lst) TABS(2) OBJECT(.\Obj\appmStar.o
                    -bj)

line level    source

   1          
   2          #include "global.h"
   3          
   4          #if CHIP_ID == CHIP_TSUMU
              #include "appmStar_U.c"
              #elif CHIP_ID == CHIP_TSUMV
              #include "appmStar_V.c"
              #elif CHIP_ID == CHIP_TSUMY
              #include "appmStar_Y.c"
              #elif CHIP_ID == CHIP_TSUMB
              #include "appmStar_B.c"
              #elif CHIP_ID==CHIP_TSUM2
              #include "appmstar_2.c"
              #elif CHIP_ID==CHIP_TSUMC ||  CHIP_ID==CHIP_TSUMK
              #include "appmstar_C.c"
              #elif CHIP_ID==CHIP_TSUMD
              #include "appmstar_D.c"
              #elif CHIP_ID==CHIP_TSUMJ
              #include "appmstar_J.c"
              #elif CHIP_ID==CHIP_TSUM9
  21          #include "appmstar_9.c"
  22          #elif CHIP_ID==CHIP_TSUMF
              #include "appmstar_F.c"
              
              #else
              #message "please implement appmStar for new chip"
              #endif
  28          
  29          BYTE code appmSstarNullData[] = {0};
  30          void msapmStarDummy(void)
  31          {
  32   1          BYTE xdata i = appmSstarNullData[0];
  33   1      }
  34          


MODULE INFORMATION:   STATIC OVERLAYABLE
   CODE SIZE        =   1193    ----
   CONSTANT SIZE    =     61    ----
   XDATA SIZE       =   ----       6
   PDATA SIZE       =   ----    ----
   DATA SIZE        =   ----      18
   IDATA SIZE       =   ----    ----
   BIT SIZE         =   ----    ----
END OF MODULE INFORMATION.


C51 COMPILATION COMPLETE.  0 WARNING(S),  0 ERROR(S)
