C51 COMPILER V9.60.0.0   COMMON                                                            12/25/2020 09:24:06 PAGE 1   


C51 COMPILER V9.60.0.0, COMPILATION OF MODULE COMMON
OBJECT MODULE PLACED IN .\Obj\Common.obj
COMPILER INVOKED BY: C:\Keil_v5\C51\BIN\C51.EXE ..\kernel\System\Common.c OPTIMIZE(9,SPEED) BROWSE INCDIR(..\KERNEL\SYST
                    -EM\INC;..\KERNEL\SCALER\INC;..\DRIVER\extDEVICE\INC;..\LIB\INC;..\PANEL\INC;..\UI\BOARD;..\UI\INC;..\UI\MODEL;..\DRIVER\
                    -INC;..\Customer) DEFINE(ModelName=TSUMXX9_DEMO) DEBUG OBJECTEXTEND PRINT(.\List\Common.lst) TABS(2) OBJECT(.\Obj\Common.
                    -obj)

line level    source

   1          #define _COMMON_C_
   2          #include "board.h"
   3          #include "types.h"
   4          #include "debugDef.h"
   5          #include "global.h"
   6          #include "ms_reg.h"
   7          #include "ms_rwreg.h"
   8          #include "misc.h"
   9          #include "Debug.h"
  10          #include "Common.h"
  11          
  12          #if DEBUG_PRINT_ENABLE
  13          void printMsg( char *str )
  14          {
  15   1          char sendData;
  16   1      
  17   1          if(!UART_READ_ES())//(!ES)
  18   1              return;
  19   1      
  20   1          sendData = *( str++ );
  21   1      
  22   1          while( sendData )        //!='\0')
  23   1          {
  24   2              putSIOChar(( unsigned char )sendData );
  25   2              sendData = *( str++ );
  26   2          }
  27   1          putSIOChar( 0xd );
  28   1          putSIOChar(( char )'\n' );
  29   1      }
  30          
  31          void printData( char *str, WORD value )
  32          {
  33   1          char sendData;
  34   1      
  35   1          if(!UART_READ_ES())//(!ES)
  36   1              return;
  37   1      
  38   1          sendData = Send_MsgValue;
  39   1      
  40   1          while( sendData = *( str++ ) )
  41   1          {
  42   2              if( sendData == ( char )'%' )            // %
  43   2              {
  44   3                  sendData = *( str++ );
  45   3                  if( sendData == ( char )'d' || sendData == ( char )'x' )                // d
  46   3                  {
  47   4                      if( value )
  48   4                      {
  49   5                          Bool noneZero = FALSE;
  50   5                          WORD divider = 10000;
  51   5                          char dispValue;
  52   5                          if( sendData == ( char )'x' )
C51 COMPILER V9.60.0.0   COMMON                                                            12/25/2020 09:24:06 PAGE 2   

  53   5                          {
  54   6                              divider = 0x1000;
  55   6                          }
  56   5                          while( divider )
  57   5                          {
  58   6                              dispValue = value / divider;
  59   6                              value -= dispValue * divider;
  60   6                              if( dispValue )
  61   6                              {
  62   7                                  noneZero = TRUE;
  63   7                              }
  64   6                              if( noneZero )
  65   6                              {
  66   7                                  if( dispValue > 9 )
  67   7                                  {
  68   8                                      dispValue += 55;
  69   8                                  }
  70   7                                  else
  71   7                                  {
  72   8                                      dispValue += 0x30;
  73   8                                  }
  74   7                                  putSIOChar( dispValue );
  75   7                              }
  76   6                              if( sendData == ( char )'d' )
  77   6                              {
  78   7                                  divider /= 10;
  79   7                              }
  80   6                              else
  81   6                              {
  82   7                                  divider /= 0x10;
  83   7                              }
  84   6                          }
  85   5                      }
  86   4                      else
  87   4                      {
  88   5                          putSIOChar( '0' );
  89   5                      }
  90   4                  }
  91   3                  else if( sendData == ( char )'s' )
  92   3                  {
  93   4                      BYTE xdata *sPtr = (BYTE xdata *) value;
  94   4                      while( *sPtr )
  95   4                          putSIOChar(*sPtr++);
  96   4                      break;
  97   4                  }
  98   3              }
  99   2              else
 100   2              {
 101   3                  putSIOChar( sendData );
 102   3              }
 103   2          }
 104   1          putSIOChar( 0xd );
 105   1          putSIOChar(( char )'\n' );
 106   1      }
 107          #endif


MODULE INFORMATION:   STATIC OVERLAYABLE
   CODE SIZE        =    362    ----
   CONSTANT SIZE    =   ----    ----
   XDATA SIZE       =   ----    ----
   PDATA SIZE       =   ----    ----
C51 COMPILER V9.60.0.0   COMMON                                                            12/25/2020 09:24:06 PAGE 3   

   DATA SIZE        =   ----      13
   IDATA SIZE       =   ----    ----
   BIT SIZE         =   ----    ----
END OF MODULE INFORMATION.


C51 COMPILATION COMPLETE.  0 WARNING(S),  0 ERROR(S)
