C51 COMPILER V9.60.0.0   DRVADJUST                                                         12/22/2020 19:50:24 PAGE 1   


C51 COMPILER V9.60.0.0, COMPILATION OF MODULE DRVADJUST
OBJECT MODULE PLACED IN .\Obj\drvAdjust.obj
COMPILER INVOKED BY: C:\Keil_v5\C51\BIN\C51.EXE ..\DRIVER\drvAdjust.c OPTIMIZE(9,SPEED) BROWSE INCDIR(..\KERNEL\SYSTEM\I
                    -NC;..\KERNEL\SCALER\INC;..\DRIVER\extDEVICE\INC;..\LIB\INC;..\PANEL\INC;..\UI\BOARD;..\UI\INC;..\UI\MODEL;..\DRIVER\INC;
                    -..\Customer) DEFINE(ModelName=TSUMXX9_DEMO) DEBUG OBJECTEXTEND PRINT(.\List\drvAdjust.lst) TABS(2) OBJECT(.\Obj\drvAdjus
                    -t.obj)

line level    source

   1          
   2          #include "global.h"
   3          
   4          #if CHIP_ID == CHIP_TSUMU
              #include "drvAdjust_U.c"
              #elif CHIP_ID == CHIP_TSUMV
              #include "drvAdjust_V.c"
              #elif CHIP_ID == CHIP_TSUMY
              #include "drvAdjust_Y.c"
              #elif CHIP_ID == CHIP_TSUMB
              #include "drvAdjust_B.c"
              #elif CHIP_ID == CHIP_TSUM2
              #include "drvAdjust_2.c"
              #elif CHIP_ID == CHIP_TSUMC || CHIP_ID == CHIP_TSUMK
              #include "drvAdjust_C.c"
              #elif CHIP_ID == CHIP_TSUMD
              #include "drvAdjust_D.c"
              #elif CHIP_ID == CHIP_TSUMJ
              #include "drvAdjust_J.c"
              #elif CHIP_ID == CHIP_TSUM9
  21          #include "drvAdjust_9.c"
  22          #elif CHIP_ID == CHIP_TSUMF
              #include "drvAdjust_F.c"
              #else
              #message "please implement drvAdjust for new chip"
              #endif
  27          


MODULE INFORMATION:   STATIC OVERLAYABLE
   CODE SIZE        =    146    ----
   CONSTANT SIZE    =   ----    ----
   XDATA SIZE       =   ----       6
   PDATA SIZE       =   ----    ----
   DATA SIZE        =   ----       1
   IDATA SIZE       =   ----    ----
   BIT SIZE         =   ----    ----
END OF MODULE INFORMATION.


C51 COMPILATION COMPLETE.  0 WARNING(S),  0 ERROR(S)
