C51 COMPILER V9.60.0.0   DRVCEC                                                            12/22/2020 19:50:46 PAGE 1   


C51 COMPILER V9.60.0.0, COMPILATION OF MODULE DRVCEC
OBJECT MODULE PLACED IN .\Obj\drvCEC.obj
COMPILER INVOKED BY: C:\Keil_v5\C51\BIN\C51.EXE ..\DRIVER\drvCEC.c OPTIMIZE(9,SPEED) BROWSE INCDIR(..\KERNEL\SYSTEM\INC;
                    -..\KERNEL\SCALER\INC;..\DRIVER\extDEVICE\INC;..\LIB\INC;..\PANEL\INC;..\UI\BOARD;..\UI\INC;..\UI\MODEL;..\DRIVER\INC;..\
                    -Customer) DEFINE(ModelName=TSUMXX9_DEMO) DEBUG OBJECTEXTEND PRINT(.\List\drvCEC.lst) TABS(2) OBJECT(.\Obj\drvCEC.obj)

line level    source

   1          #include "types.h"
   2          #include "board.h"
   3          #if ENABLE_CEC
              
              #include "global.h"
              
              #if CHIP_ID==CHIP_TSUMC || CHIP_ID==CHIP_TSUMK  
              #include "drvCEC_C.c"
              #elif CHIP_ID==CHIP_TSUMD
              #include "drvCEC_D.c"
              #elif CHIP_ID==CHIP_TSUM9
              #include "drvCEC_9.c"
              #elif CHIP_ID==CHIP_TSUMF
              #include "drvCEC_F.c"
              #else
              #include "drvCEC_.c"
              #endif
              BYTE code drvCECNullData[] = {0};
              void drv_CEC_DummyFunction(void)
              {
                  BYTE xdata i = drvCECNullData[0];
              }
              
              #endif


MODULE INFORMATION:   STATIC OVERLAYABLE
   CODE SIZE        =   ----    ----
   CONSTANT SIZE    =   ----    ----
   XDATA SIZE       =   ----    ----
   PDATA SIZE       =   ----    ----
   DATA SIZE        =   ----    ----
   IDATA SIZE       =   ----    ----
   BIT SIZE         =   ----    ----
END OF MODULE INFORMATION.


C51 COMPILATION COMPLETE.  0 WARNING(S),  0 ERROR(S)
