C51 COMPILER V9.60.0.0   DRVDAC                                                            12/25/2020 09:24:59 PAGE 1   


C51 COMPILER V9.60.0.0, COMPILATION OF MODULE DRVDAC
OBJECT MODULE PLACED IN .\Obj\drvDAC.obj
COMPILER INVOKED BY: C:\Keil_v5\C51\BIN\C51.EXE ..\DRIVER\drvDAC.c OPTIMIZE(9,SPEED) BROWSE INCDIR(..\KERNEL\SYSTEM\INC;
                    -..\KERNEL\SCALER\INC;..\DRIVER\extDEVICE\INC;..\LIB\INC;..\PANEL\INC;..\UI\BOARD;..\UI\INC;..\UI\MODEL;..\DRIVER\INC;..\
                    -Customer) DEFINE(ModelName=TSUMXX9_DEMO) DEBUG OBJECTEXTEND PRINT(.\List\drvDAC.lst) TABS(2) OBJECT(.\Obj\drvDAC.obj)

line level    source

   1          
   2          #include "global.h"
   3          
   4          #if CHIP_ID == CHIP_TSUMU
              #include "drvDAC_U.c"
              #elif CHIP_ID == CHIP_TSUMB
              #include "drvDAC_B.c"
              #elif CHIP_ID == CHIP_TSUM2
              #include "drvDAC_2.c"
              #elif (CHIP_ID == CHIP_TSUMC || CHIP_ID==CHIP_TSUMK || CHIP_ID == CHIP_TSUMD )
              #include "drvDAC_C.c"
              #elif (CHIP_ID == CHIP_TSUM9)||(CHIP_ID == CHIP_TSUMF)
  13          #include "drvDAC_9.c"
  14          
  15          #elif (CHIP_ID == CHIP_TSUMV || CHIP_ID == CHIP_TSUMY || CHIP_ID == CHIP_TSUMJ)
              #else
              #message "please implement drvDAC for new chip"
              #endif
  19          
  20          BYTE code msDACNullData[] = {0};
  21          void msDACDummy(void)
  22          {
  23   1          BYTE xdata i = msDACNullData[0];
  24   1      }


MODULE INFORMATION:   STATIC OVERLAYABLE
   CODE SIZE        =     10    ----
   CONSTANT SIZE    =      1    ----
   XDATA SIZE       =   ----       1
   PDATA SIZE       =   ----    ----
   DATA SIZE        =   ----    ----
   IDATA SIZE       =   ----    ----
   BIT SIZE         =   ----    ----
END OF MODULE INFORMATION.


C51 COMPILATION COMPLETE.  0 WARNING(S),  0 ERROR(S)
