C51 COMPILER V9.60.0.0   DRVDPRXAPP                                                        12/22/2020 19:50:49 PAGE 1   


C51 COMPILER V9.60.0.0, COMPILATION OF MODULE DRVDPRXAPP
OBJECT MODULE PLACED IN .\Obj\drvDPRxApp.obj
COMPILER INVOKED BY: C:\Keil_v5\C51\BIN\C51.EXE ..\DRIVER\drvDPRxApp.c OPTIMIZE(9,SPEED) BROWSE INCDIR(..\KERNEL\SYSTEM\
                    -INC;..\KERNEL\SCALER\INC;..\DRIVER\extDEVICE\INC;..\LIB\INC;..\PANEL\INC;..\UI\BOARD;..\UI\INC;..\UI\MODEL;..\DRIVER\INC
                    -;..\Customer) DEFINE(ModelName=TSUMXX9_DEMO) DEBUG OBJECTEXTEND PRINT(.\List\drvDPRxApp.lst) TABS(2) OBJECT(.\Obj\drvDPR
                    -xApp.obj)

line level    source

   1          
   2          #include "global.h"
   3          
   4          #if CHIP_ID == CHIP_TSUMU
              #include "drvDPRxApp_U.c"
              #elif (CHIP_ID == CHIP_TSUMC || CHIP_ID==CHIP_TSUMK || CHIP_ID == CHIP_TSUMD)
              #include "drvDPRxApp_C.c"
              #elif (CHIP_ID == CHIP_TSUM9 ||CHIP_ID == CHIP_TSUMF)
   9          #include "drvDPRxApp_9.c"
  10          #elif (CHIP_ID == CHIP_TSUML || CHIP_ID == CHIP_TSUMB || CHIP_ID == CHIP_TSUMY || CHIP_ID == CHIP_TSUMV ||
             - CHIP_ID == CHIP_TSUM2 || CHIP_ID == CHIP_TSUMJ)
              #else
              #message "please implement drvDPRxApp for new chip"
              #endif
  14          


MODULE INFORMATION:   STATIC OVERLAYABLE
   CODE SIZE        =     10    ----
   CONSTANT SIZE    =      1    ----
   XDATA SIZE       =   ----       1
   PDATA SIZE       =   ----    ----
   DATA SIZE        =   ----    ----
   IDATA SIZE       =   ----    ----
   BIT SIZE         =   ----    ----
END OF MODULE INFORMATION.


C51 COMPILATION COMPLETE.  0 WARNING(S),  0 ERROR(S)
