C51 COMPILER V9.60.0.0   DRVDDC2BI                                                         12/22/2020 19:50:34 PAGE 1   


C51 COMPILER V9.60.0.0, COMPILATION OF MODULE DRVDDC2BI
OBJECT MODULE PLACED IN .\Obj\drvDDC2Bi.obj
COMPILER INVOKED BY: C:\Keil_v5\C51\BIN\C51.EXE ..\DRIVER\drvDDC2Bi.c OPTIMIZE(9,SPEED) BROWSE INCDIR(..\KERNEL\SYSTEM\I
                    -NC;..\KERNEL\SCALER\INC;..\DRIVER\extDEVICE\INC;..\LIB\INC;..\PANEL\INC;..\UI\BOARD;..\UI\INC;..\UI\MODEL;..\DRIVER\INC;
                    -..\Customer) DEFINE(ModelName=TSUMXX9_DEMO) DEBUG OBJECTEXTEND PRINT(.\List\drvDDC2Bi.lst) TABS(2) OBJECT(.\Obj\drvDDC2B
                    -i.obj)

line level    source

   1          
   2          #include "global.h"
   3          
   4          #if CHIP_ID == CHIP_TSUMC || CHIP_ID==CHIP_TSUMK || CHIP_ID == CHIP_TSUMD || CHIP_ID == CHIP_TSUMJ
              #include "drvDDC2Bi_C.c"
              #elif CHIP_ID == CHIP_TSUM9 ||CHIP_ID == CHIP_TSUMF
   7          #include "drvDDC2Bi_9.c"
   8          #else // CHIP_TSUMU, CHIP_TSUMV, CHIP_TSUMY, CHIP_TSUMB, CHIP_TSUM2
              #include "drvDDC2Bi_.c"
              #endif


MODULE INFORMATION:   STATIC OVERLAYABLE
   CODE SIZE        =   1817    ----
   CONSTANT SIZE    =      6    ----
   XDATA SIZE       =     64    ----
   PDATA SIZE       =   ----    ----
   DATA SIZE        =      8      11
   IDATA SIZE       =     11    ----
   BIT SIZE         =   ----    ----
END OF MODULE INFORMATION.


C51 COMPILATION COMPLETE.  0 WARNING(S),  0 ERROR(S)
