C51 COMPILER V9.60.0.0   DRVGPIO                                                           12/22/2020 19:50:30 PAGE 1   


C51 COMPILER V9.60.0.0, COMPILATION OF MODULE DRVGPIO
OBJECT MODULE PLACED IN .\Obj\drvGPIO.obj
COMPILER INVOKED BY: C:\Keil_v5\C51\BIN\C51.EXE ..\DRIVER\drvGPIO.c OPTIMIZE(9,SPEED) BROWSE INCDIR(..\KERNEL\SYSTEM\INC
                    -;..\KERNEL\SCALER\INC;..\DRIVER\extDEVICE\INC;..\LIB\INC;..\PANEL\INC;..\UI\BOARD;..\UI\INC;..\UI\MODEL;..\DRIVER\INC;..
                    -\Customer) DEFINE(ModelName=TSUMXX9_DEMO) DEBUG OBJECTEXTEND PRINT(.\List\drvGPIO.lst) TABS(2) OBJECT(.\Obj\drvGPIO.obj)

line level    source

   1          
   2          #include "global.h"
   3          
   4          #if CHIP_ID == CHIP_TSUMK
                #include "drvGPIO_K.c"
              #elif CHIP_ID == CHIP_TSUMU || CHIP_ID == CHIP_TSUMV\
                || CHIP_ID == CHIP_TSUMY|| CHIP_ID == CHIP_TSUMB \
                ||CHIP_ID == CHIP_TSUM2 ||CHIP_ID == CHIP_TSUMC \
                || CHIP_ID == CHIP_TSUMK||CHIP_ID == CHIP_TSUMD \
                ||CHIP_ID == CHIP_TSUMJ ||CHIP_ID == CHIP_TSUM9 \
                || CHIP_ID == CHIP_TSUMF
  12            #include "drvGPIO_other.c"
  13          #else
                #message "please implement drvGPIO for new chip"
              #endif
  16          


MODULE INFORMATION:   STATIC OVERLAYABLE
   CODE SIZE        =    717    ----
   CONSTANT SIZE    =    142    ----
   XDATA SIZE       =   ----    ----
   PDATA SIZE       =   ----    ----
   DATA SIZE        =   ----      31
   IDATA SIZE       =   ----    ----
   BIT SIZE         =   ----    ----
END OF MODULE INFORMATION.


C51 COMPILATION COMPLETE.  0 WARNING(S),  0 ERROR(S)
