C51 COMPILER V9.60.0.0   DRVMSOVD                                                          12/22/2020 19:50:40 PAGE 1   


C51 COMPILER V9.60.0.0, COMPILATION OF MODULE DRVMSOVD
OBJECT MODULE PLACED IN .\Obj\drvmsOVD.obj
COMPILER INVOKED BY: C:\Keil_v5\C51\BIN\C51.EXE ..\DRIVER\drvmsOVD.c OPTIMIZE(9,SPEED) BROWSE INCDIR(..\KERNEL\SYSTEM\IN
                    -C;..\KERNEL\SCALER\INC;..\DRIVER\extDEVICE\INC;..\LIB\INC;..\PANEL\INC;..\UI\BOARD;..\UI\INC;..\UI\MODEL;..\DRIVER\INC;.
                    -.\Customer) DEFINE(ModelName=TSUMXX9_DEMO) DEBUG OBJECTEXTEND PRINT(.\List\drvmsOVD.lst) TABS(2) OBJECT(.\Obj\drvmsOVD.o
                    -bj)

line level    source

   1          
   2          #include "global.h"
   3          
   4          #if CHIP_ID == CHIP_TSUMU
              #include "drvmsOVD_U.c"
              #elif CHIP_ID == CHIP_TSUMB
              #include "drvmsOVD_B.c"
              #elif CHIP_ID == CHIP_TSUM2
              #include "drvmsOVD_2.c"
              #elif CHIP_ID == CHIP_TSUMC || CHIP_ID==CHIP_TSUMK
              #include "drvmsOVD_C.c"
              #elif CHIP_ID == CHIP_TSUMD
              #include "drvmsOVD_D.c"
              #elif CHIP_ID == CHIP_TSUMF
              #include "drvmsOVD_F.c"
              
              #elif (CHIP_ID == CHIP_TSUMV || CHIP_ID == CHIP_TSUMY || CHIP_ID == CHIP_TSUMJ || CHIP_ID == CHIP_TSUM9)
  18          
  19          #else
              #message "please check if need OD function for your project"
              #endif
  22          
  23          BYTE code drvmsOVDNullData[] = {0};
  24          void drvmsOVDDummy(void)
  25          {
  26   1          BYTE xdata i = drvmsOVDNullData[0];
  27   1      }


MODULE INFORMATION:   STATIC OVERLAYABLE
   CODE SIZE        =     10    ----
   CONSTANT SIZE    =      1    ----
   XDATA SIZE       =   ----       1
   PDATA SIZE       =   ----    ----
   DATA SIZE        =   ----    ----
   IDATA SIZE       =   ----    ----
   BIT SIZE         =   ----    ----
END OF MODULE INFORMATION.


C51 COMPILATION COMPLETE.  0 WARNING(S),  0 ERROR(S)
