C51 COMPILER V9.60.0.0   DRVMSTAR                                                          12/22/2020 19:50:38 PAGE 1   


C51 COMPILER V9.60.0.0, COMPILATION OF MODULE DRVMSTAR
OBJECT MODULE PLACED IN .\Obj\drvmStar.obj
COMPILER INVOKED BY: C:\Keil_v5\C51\BIN\C51.EXE ..\DRIVER\drvmStar.c OPTIMIZE(9,SPEED) BROWSE INCDIR(..\KERNEL\SYSTEM\IN
                    -C;..\KERNEL\SCALER\INC;..\DRIVER\extDEVICE\INC;..\LIB\INC;..\PANEL\INC;..\UI\BOARD;..\UI\INC;..\UI\MODEL;..\DRIVER\INC;.
                    -.\Customer) DEFINE(ModelName=TSUMXX9_DEMO) DEBUG OBJECTEXTEND PRINT(.\List\drvmStar.lst) TABS(2) OBJECT(.\Obj\drvmStar.o
                    -bj)

line level    source

   1          
   2          #include "global.h"
   3          
   4          #if CHIP_ID == CHIP_TSUMU
              #include "drvmStar_U.c"
              #elif CHIP_ID == CHIP_TSUMV
              #include "drvmStar_V.c"
              #elif CHIP_ID == CHIP_TSUMY
              #include "drvmStar_Y.c"
              #elif CHIP_ID == CHIP_TSUMB
              #include "drvmStar_B.c"
              #elif CHIP_ID==CHIP_TSUM2
              #include "drvmStar_2.c"
              #elif CHIP_ID==CHIP_TSUMC || CHIP_ID==CHIP_TSUMK
              #include "drvmStar_C.c"
              #elif CHIP_ID==CHIP_TSUMD
              #include "drvmStar_D.c"
              #elif CHIP_ID==CHIP_TSUMJ
              #include "drvmStar_J.c"
              #elif CHIP_ID==CHIP_TSUM9
  21          #include "drvmStar_9.c"
  22          #elif CHIP_ID==CHIP_TSUMF
*** WARNING C311 IN LINE 22 OF ..\DRIVER\drvmStar.c: misplaced elif/else control
*** WARNING C323 IN LINE 22 OF ..\DRIVER\drvmStar.c: newline expected, extra characters found
  23          #include "drvmStar_F.c"
  24          #else
*** WARNING C311 IN LINE 24 OF ..\DRIVER\drvmStar.c: misplaced elif/else control
  25          #message "please implement drvmStar for new chip"
*** MESSAGE C320 IN LINE 25 OF ..\DRIVER\drvmStar.c: "please implement drvmStar for new chip"
  26          #endif
*** WARNING C312 IN LINE 26 OF ..\DRIVER\drvmStar.c: misplaced endif control


MODULE INFORMATION:   STATIC OVERLAYABLE
   CODE SIZE        =   7142    ----
   CONSTANT SIZE    =   1380    ----
   XDATA SIZE       =     12      81
   PDATA SIZE       =   ----    ----
   DATA SIZE        =   ----      46
   IDATA SIZE       =   ----    ----
   BIT SIZE         =   ----    ----
END OF MODULE INFORMATION.


C51 COMPILATION COMPLETE.  4 WARNING(S),  0 ERROR(S)
