C51 COMPILER V9.60.0.0   GAMMA                                                             12/22/2020 19:50:43 PAGE 1   


C51 COMPILER V9.60.0.0, COMPILATION OF MODULE GAMMA
OBJECT MODULE PLACED IN .\Obj\Gamma.obj
COMPILER INVOKED BY: C:\Keil_v5\C51\BIN\C51.EXE ..\kernel\Scaler\Gamma.c OPTIMIZE(9,SPEED) BROWSE INCDIR(..\KERNEL\SYSTE
                    -M\INC;..\KERNEL\SCALER\INC;..\DRIVER\extDEVICE\INC;..\LIB\INC;..\PANEL\INC;..\UI\BOARD;..\UI\INC;..\UI\MODEL;..\DRIVER\I
                    -NC;..\Customer) DEFINE(ModelName=TSUMXX9_DEMO) DEBUG OBJECTEXTEND PRINT(.\List\Gamma.lst) TABS(2) OBJECT(.\Obj\Gamma.obj
                    -)

line level    source

   1          
   2          //#define _MSGMATBL_C_
   3          
   4          #include "board.h"
   5          
   6          
   7          #if Enable_Gamma
   8          #define _GAMMA_C_
   9          #include "types.h"
  10          #include "drvGamma.h"
  11          //#include "Panel_GAMMATBL.h"
  12          #include "ms_reg.h"
  13          #include "gamma.h"
  14          #include "ms_rwreg.h"
  15          #include "Common.h"
  16          #include "Global.h"
  17          #include "Menudef.h"
  18          #include "adjust.h"
  19          #include "misc.h"
  20          
  21          
  22          
  23          BYTE xdata GammaContent = GAMA_Nums;
  24          
  25          void mStar_SetupGamma( BYTE GamaMode )
  26          {
  27   1          if(GammaContent == GamaMode)
  28   1              return;
  29   1          
  30   1          mStar_WaitForDataBlanking();
  31   1          drvGammaOnOff(_DISABLE, MAIN_WINDOW );
  32   1          drvGammaOnOff(_DISABLE, SUB_WINDOW );
  33   1          drvGammaLoadTbl( GamaMode );
  34   1          mStar_WaitForDataBlanking();
  35   1          drvGammaOnOff(_ENABLE, MAIN_WINDOW );
  36   1          drvGammaOnOff(_ENABLE, SUB_WINDOW );
  37   1          GammaContent = GamaMode;
  38   1      }
  39          
  40          #endif


MODULE INFORMATION:   STATIC OVERLAYABLE
   CODE SIZE        =     55    ----
   CONSTANT SIZE    =   ----    ----
   XDATA SIZE       =      1    ----
   PDATA SIZE       =   ----    ----
   DATA SIZE        =   ----       1
   IDATA SIZE       =   ----    ----
   BIT SIZE         =   ----    ----
END OF MODULE INFORMATION.


C51 COMPILATION COMPLETE.  0 WARNING(S),  0 ERROR(S)
