C51 COMPILER V9.60.0.0   MSFB                                                              12/25/2020 09:24:52 PAGE 1   


C51 COMPILER V9.60.0.0, COMPILATION OF MODULE MSFB
OBJECT MODULE PLACED IN .\Obj\msFB.obj
COMPILER INVOKED BY: C:\Keil_v5\C51\BIN\C51.EXE ..\DRIVER\msFB.c OPTIMIZE(9,SPEED) BROWSE INCDIR(..\KERNEL\SYSTEM\INC;..
                    -\KERNEL\SCALER\INC;..\DRIVER\extDEVICE\INC;..\LIB\INC;..\PANEL\INC;..\UI\BOARD;..\UI\INC;..\UI\MODEL;..\DRIVER\INC;..\Cu
                    -stomer) DEFINE(ModelName=TSUMXX9_DEMO) DEBUG OBJECTEXTEND PRINT(.\List\msFB.lst) TABS(2) OBJECT(.\Obj\msFB.obj)

line level    source

   1          
   2          #include "global.h"
   3          
   4          #if CHIP_ID == CHIP_TSUMU
              #include "msFB_U.c"
              #elif CHIP_ID == CHIP_TSUMB
              #include "msFB_B.c"
              #elif CHIP_ID == CHIP_TSUM2
              #include "msFB_2.c"
              #elif CHIP_ID == CHIP_TSUMC || CHIP_ID == CHIP_TSUMK
              #include "msFB_C.c"
              #elif CHIP_ID == CHIP_TSUMD
              #include "msFB_D.c"
              #elif (CHIP_ID == CHIP_TSUMV || CHIP_ID == CHIP_TSUMY || CHIP_ID == CHIP_TSUMJ || CHIP_ID == CHIP_TSUM9 ||
             -CHIP_ID == CHIP_TSUMF) 
  15          #else
              #message "please implement msFB for new chip"
              #endif
  18          
  19          BYTE code msFBNullData[] = {0};
  20          
  21          void msFBDummy(void)
  22          {
  23   1          BYTE i = msFBNullData[0];
  24   1      }
  25          


MODULE INFORMATION:   STATIC OVERLAYABLE
   CODE SIZE        =      8    ----
   CONSTANT SIZE    =      1    ----
   XDATA SIZE       =   ----    ----
   PDATA SIZE       =   ----    ----
   DATA SIZE        =   ----       1
   IDATA SIZE       =   ----    ----
   BIT SIZE         =   ----    ----
END OF MODULE INFORMATION.


C51 COMPILATION COMPLETE.  0 WARNING(S),  0 ERROR(S)
