C51 COMPILER V9.60.0.0   MSSCALER                                                          12/25/2020 09:24:29 PAGE 1   


C51 COMPILER V9.60.0.0, COMPILATION OF MODULE MSSCALER
OBJECT MODULE PLACED IN .\Obj\msScaler.obj
COMPILER INVOKED BY: C:\Keil_v5\C51\BIN\C51.EXE ..\DRIVER\msScaler.c OPTIMIZE(9,SPEED) BROWSE INCDIR(..\KERNEL\SYSTEM\IN
                    -C;..\KERNEL\SCALER\INC;..\DRIVER\extDEVICE\INC;..\LIB\INC;..\PANEL\INC;..\UI\BOARD;..\UI\INC;..\UI\MODEL;..\DRIVER\INC;.
                    -.\Customer) DEFINE(ModelName=TSUMXX9_DEMO) DEBUG OBJECTEXTEND PRINT(.\List\msScaler.lst) TABS(2) OBJECT(.\Obj\msScaler.o
                    -bj)

line level    source

   1          
   2          #include "global.h"
   3          
   4          #if CHIP_ID == CHIP_TSUMU
              #include "msScaler_U.c"
              #elif CHIP_ID == CHIP_TSUM2
              #include "msScaler_2.c"
              #elif CHIP_ID == CHIP_TSUMC || CHIP_ID == CHIP_TSUMK
              #include "msScaler_C.c"
              #elif CHIP_ID == CHIP_TSUMD
              #include "msScaler_D.c"
              #elif CHIP_ID == CHIP_TSUMJ
              #include "msScaler_J.c"
              #elif CHIP_ID == CHIP_TSUM9
  15          #include "msScaler_9.c"
  16          #elif CHIP_ID == CHIP_TSUMF
              #include "msScaler_F.c"
              #elif (CHIP_ID == CHIP_TSUML || CHIP_ID == CHIP_TSUMB || CHIP_ID == CHIP_TSUMY || CHIP_ID == CHIP_TSUMV)
              #else
              #message "please implement msScaler for new chip"
              #endif
  22          


MODULE INFORMATION:   STATIC OVERLAYABLE
   CODE SIZE        =   1208    ----
   CONSTANT SIZE    =    253    ----
   XDATA SIZE       =     11      15
   PDATA SIZE       =   ----    ----
   DATA SIZE        =   ----       1
   IDATA SIZE       =   ----    ----
   BIT SIZE         =   ----    ----
END OF MODULE INFORMATION.


C51 COMPILATION COMPLETE.  0 WARNING(S),  0 ERROR(S)
