A51 MACRO ASSEMBLER  STARTUP_TSUMC                                                        12/25/2020 09:24:07 PAGE     1


MACRO ASSEMBLER A51 V8.2.7.0
OBJECT MODULE PLACED IN .\Obj\STARTUP_TSUMC.obj
ASSEMBLER INVOKED BY: C:\Keil_v5\C51\BIN\A51.EXE STARTUP_TSUMC.A51 SET(SMALL) DEBUG PRINT(.\List\STARTUP_TSUMC.lst) OBJE
                      CT(.\Obj\STARTUP_TSUMC.obj) EP

LOC  OBJ            LINE     SOURCE

                       1     $nomod51 
                       2     ;------------------------------------------------------------------------------
                       3     ;  This file is part of the C51 Compiler package
                       4     ;  Copyright (c) 1988-2002 Keil Elektronik GmbH and Keil Software, Inc.
                       5     ;------------------------------------------------------------------------------
                       6     ;  STARTUP.A51:  This code is executed after processor reset.
                       7     ;
                       8     ;  To translate this file use A51 with the following invocation:
                       9     ;
                      10     ;     A51 STARTUP.A51
                      11     ;
                      12     ;  To link the modified STARTUP.OBJ file to your application use the following
                      13     ;  BL51 invocation:
                      14     ;
                      15     ;     BL51 <your object file list>, STARTUP.OBJ <controls>
                      16     ;
                      17     ;------------------------------------------------------------------------------
                      18     ;
                      19     ;  User-defined Power-On Initialization of Memory
                      20     ;
                      21     ;  With the following EQU statements the initialization of memory
                      22     ;  at processor reset can be defined:
                      23     ;
                      24     ;               ; the absolute start-address of IDATA memory is always 0
  0100                25     IDATALEN        EQU     100H     ; the length of IDATA memory in bytes.
                      26     ;
  4000                27     XDATASTART      EQU     4000H      ; the absolute start-address of XDATA memory
  0C00                28     XDATALEN        EQU     0C00H      ; the length of XDATA memory in bytes.
                      29     ;
  0000                30     PDATASTART      EQU     0H      ; the absolute start-address of PDATA memory
  0000                31     PDATALEN        EQU     0H      ; the length of PDATA memory in bytes.
                      32     ;
                      33     ;  Notes:  The IDATA space overlaps physically the DATA and BIT areas of the
                      34     ;          8051 CPU. At minimum the memory space occupied from the C51
                      35     ;          run-time routines must be set to zero.
                      36     ;------------------------------------------------------------------------------
                      37     ;
                      38     ;  Reentrant Stack Initilization
                      39     ;
                      40     ;  The following EQU statements define the stack pointer for reentrant
                      41     ;  functions and initialized it:
                      42     ;
                      43     ;  Stack Space for reentrant functions in the SMALL model.
  0000                44     IBPSTACK        EQU     0       ; set to 1 if small reentrant is used.
  0100                45     IBPSTACKTOP     EQU     0FFH+1  ; set top of stack to highest location+1.
                      46     ;
                      47     ;  Stack Space for reentrant functions in the LARGE model.
  0001                48     XBPSTACK        EQU     1       ; set to 1 if large reentrant is used.
  2800                49     XBPSTACKTOP     EQU     027FFH+1; set top of stack to highest location+1.
                      50     ;
                      51     ;  Stack Space for reentrant functions in the COMPACT model.
  0000                52     PBPSTACK        EQU     0       ; set to 1 if compact reentrant is used.
  0000                53     PBPSTACKTOP     EQU     0FFFFH+1; set top of stack to highest location+1.
                      54     ;
                      55     ;------------------------------------------------------------------------------
                      56     ;
                      57     ;  Page Definition for Using the Compact Model with 64 KByte xdata RAM
A51 MACRO ASSEMBLER  STARTUP_TSUMC                                                        12/25/2020 09:24:07 PAGE     2

                      58     ;
                      59     ;  The following EQU statements define the xdata page used for pdata
                      60     ;  variables. The EQU PPAGE must conform with the PPAGE control used
                      61     ;  in the linker invocation.
                      62     ;
  0000                63     PPAGEENABLE     EQU     0       ; set to 1 if pdata object are used.
                      64     ;
  0000                65     PPAGE           EQU     0       ; define PPAGE number.
                      66     ;
  00A0                67     PPAGE_SFR       DATA    0A0H    ; SFR that supplies uppermost address byte
                      68     ;               (most 8051 variants use P2 as uppermost address byte)
                      69     ;
                      70     ;------------------------------------------------------------------------------
                      71     
                      72     ; Standard SFR Symbols
  00E0                73     ACC     DATA    0E0H
  00F0                74     B       DATA    0F0H
  0081                75     SP      DATA    81H
  0082                76     DPL     DATA    82H
  0083                77     DPH     DATA    83H
                      78     
  008E                79     CKCON   DATA    08EH
                      80     
                      81                     NAME    ?C_STARTUP
                      82     
                      83     
                      84     ?C_C51STARTUP   SEGMENT   CODE
                      85     ?STACK          SEGMENT   IDATA
                      86     
----                  87                     RSEG    ?STACK
0000                  88                     DS      1
                      89     
                      90                     EXTRN CODE (?C_START)
                      91                     PUBLIC  ?C_STARTUP
                      92     
----                  93                     CSEG    AT      0
0000 020000   F       94     ?C_STARTUP:     LJMP    STARTUP1
                      95     
----                  96                     RSEG    ?C_C51STARTUP
                      97     
0000                  98     STARTUP1:
0000 758E01           99                     mov CKCON, #0x01        ; change fetech instruction from 8 cycles to 1 cycle
                     100     
                     101     
0003 901018          102                     MOV     DPTR,#0x1018
0006 E0              103                     MOVX    A,@DPTR
0007 4480            104                     ORL     A,#0x80
0009 F0              105                     MOVX    @DPTR,A
                     106     
                     107     
000A 901012          108                     MOV     DPTR,#0x1012    ; spi extend to all space
000D 74FF            109                     MOV     a,#0xff
000F F0              110                     MOVX    @DPTR,A
                     111     
                     112     
                     113     
                     114     IF IDATALEN <> 0
0010 78FF            115                     MOV     R0,#IDATALEN - 1
0012 E4              116                     CLR     A
0013 F6              117     IDATALOOP:      MOV     @R0,A
0014 D8FD            118                     DJNZ    R0,IDATALOOP
                     119     ENDIF
                     120     
                     121     IF XDATALEN <> 0
0016 904000          122                     MOV     DPTR,#XDATASTART
0019 7F00            123                     MOV     R7,#LOW (XDATALEN)
A51 MACRO ASSEMBLER  STARTUP_TSUMC                                                        12/25/2020 09:24:07 PAGE     3

                     124       IF (LOW (XDATALEN)) <> 0
                                             MOV     R6,#(HIGH (XDATALEN)) +1
                               ELSE
001B 7E0C            127                     MOV     R6,#HIGH (XDATALEN)
                     128       ENDIF
001D E4              129                     CLR     A
001E F0              130     XDATALOOP:      MOVX    @DPTR,A
001F A3              131                     INC     DPTR
0020 DFFC            132                     DJNZ    R7,XDATALOOP
0022 DEFA            133                     DJNZ    R6,XDATALOOP
                     134     ENDIF
                     135     
                     136     IF PPAGEENABLE <> 0
                                             MOV     PPAGE_SFR,#PPAGE
                             ENDIF
                     139     
                     140     IF PDATALEN <> 0
                                             MOV     R0,#LOW (PDATASTART)
                                             MOV     R7,#LOW (PDATALEN)
                                             CLR     A
                             PDATALOOP:      MOVX    @R0,A
                                             INC     R0
                                             DJNZ    R7,PDATALOOP
                             ENDIF
                     148     
                     149     IF IBPSTACK <> 0
                             EXTRN DATA (?C_IBP)
                             
                                             MOV     ?C_IBP,#LOW IBPSTACKTOP
                             ENDIF
                     154     
                     155     IF XBPSTACK <> 0
                     156     EXTRN DATA (?C_XBP)
                     157     
0024 750028   F      158                     MOV     ?C_XBP,#HIGH XBPSTACKTOP
0027 750000   F      159                     MOV     ?C_XBP+1,#LOW XBPSTACKTOP
                     160     ENDIF
                     161     
                     162     IF PBPSTACK <> 0
                             EXTRN DATA (?C_PBP)
                                             MOV     ?C_PBP,#LOW PBPSTACKTOP
                             ENDIF
                     166     
002A 758100   F      167                     MOV     SP,#?STACK-1
                     168     ; This code is required if you use L51_BANK.A51 with Banking Mode 4
                     169     ; EXTRN CODE (?B_SWITCH0)
                     170     ;               CALL    ?B_SWITCH0      ; init bank mechanism to code bank 0
002D 020000   F      171                     LJMP    ?C_START
                     172     
                     173                     END
A51 MACRO ASSEMBLER  STARTUP_TSUMC                                                        12/25/2020 09:24:07 PAGE     4

SYMBOL TABLE LISTING
------ ----- -------


N A M E             T Y P E  V A L U E   ATTRIBUTES

?C_C51STARTUP. . .  C SEG    0030H       REL=UNIT
?C_START . . . . .  C ADDR   -----       EXT
?C_STARTUP . . . .  C ADDR   0000H   A   
?C_XBP . . . . . .  D ADDR   -----       EXT
?STACK . . . . . .  I SEG    0001H       REL=UNIT
ACC. . . . . . . .  D ADDR   00E0H   A   
B. . . . . . . . .  D ADDR   00F0H   A   
CKCON. . . . . . .  D ADDR   008EH   A   
DPH. . . . . . . .  D ADDR   0083H   A   
DPL. . . . . . . .  D ADDR   0082H   A   
IBPSTACK . . . . .  N NUMB   0000H   A   
IBPSTACKTOP. . . .  N NUMB   0100H   A   
IDATALEN . . . . .  N NUMB   0100H   A   
IDATALOOP. . . . .  C ADDR   0013H   R   SEG=?C_C51STARTUP
PBPSTACK . . . . .  N NUMB   0000H   A   
PBPSTACKTOP. . . .  N NUMB   0000H   A   
PDATALEN . . . . .  N NUMB   0000H   A   
PDATASTART . . . .  N NUMB   0000H   A   
PPAGE. . . . . . .  N NUMB   0000H   A   
PPAGEENABLE. . . .  N NUMB   0000H   A   
PPAGE_SFR. . . . .  D ADDR   00A0H   A   
SP . . . . . . . .  D ADDR   0081H   A   
STARTUP1 . . . . .  C ADDR   0000H   R   SEG=?C_C51STARTUP
XBPSTACK . . . . .  N NUMB   0001H   A   
XBPSTACKTOP. . . .  N NUMB   2800H   A   
XDATALEN . . . . .  N NUMB   0C00H   A   
XDATALOOP. . . . .  C ADDR   001EH   R   SEG=?C_C51STARTUP
XDATASTART . . . .  N NUMB   4000H   A   


REGISTER BANK(S) USED: 0 


ASSEMBLY COMPLETE.  0 WARNING(S), 0 ERROR(S)
