C51 COMPILER V9.60.0.0   TOUCHKEY                                                          12/22/2020 19:50:37 PAGE 1   


C51 COMPILER V9.60.0.0, COMPILATION OF MODULE TOUCHKEY
OBJECT MODULE PLACED IN .\Obj\TouchKey.obj
COMPILER INVOKED BY: C:\Keil_v5\C51\BIN\C51.EXE ..\EXTDEVICE\TouchKey.c OPTIMIZE(9,SPEED) BROWSE INCDIR(..\KERNEL\SYSTEM
                    -\INC;..\KERNEL\SCALER\INC;..\DRIVER\extDEVICE\INC;..\LIB\INC;..\PANEL\INC;..\UI\BOARD;..\UI\INC;..\UI\MODEL;..\DRIVER\IN
                    -C;..\Customer) DEFINE(ModelName=TSUMXX9_DEMO) DEBUG OBJECTEXTEND PRINT(.\List\TouchKey.lst) TABS(2) OBJECT(.\Obj\TouchKe
                    -y.obj)

line level    source

   1          
   2          #include "global.h"
   3          
   4          #if ENABLE_TOUCH_KEY
              
              #if TOUCH_KEY_SOURCE == TOUCH_KEY_SOURCE_ITE
              #include "IT7230_TouchKey.c"
              #include "IT7230_I2C.c"
              #elif TOUCH_KEY_SOURCE == TOUCH_KEY_SOURCE_SMSC
              
              #elif TOUCH_KEY_SOURCE == TOUCH_KEY_SOURCE_CYPRESS
              
              #else
              #message "please implement function for new touch key source"
              #endif
              
              #else
  18          BYTE code TouchKeyNullData[] = {0};
  19          
  20          void TouchKeyDummy(void)
  21          {
  22   1          BYTE xdata i = TouchKeyNullData[0];
  23   1      }
  24          #endif


MODULE INFORMATION:   STATIC OVERLAYABLE
   CODE SIZE        =     10    ----
   CONSTANT SIZE    =      1    ----
   XDATA SIZE       =   ----       1
   PDATA SIZE       =   ----    ----
   DATA SIZE        =   ----    ----
   IDATA SIZE       =   ----    ----
   BIT SIZE         =   ----    ----
END OF MODULE INFORMATION.


C51 COMPILATION COMPLETE.  0 WARNING(S),  0 ERROR(S)
