C51 COMPILER V9.60.0.0   USERDATASPACE                                                     12/20/2020 14:11:14 PAGE 1   


C51 COMPILER V9.60.0.0, COMPILATION OF MODULE USERDATASPACE
OBJECT MODULE PLACED IN .\Obj\UserDataSpace.obj
COMPILER INVOKED BY: C:\Keil_v5\C51\BIN\C51.EXE ..\KERNEL\SCALER\UserDataSpace.C OPTIMIZE(9,SPEED) BROWSE INCDIR(..\KERN
                    -EL\SYSTEM\INC;..\KERNEL\SCALER\INC;..\DRIVER\extDEVICE\INC;..\LIB\INC;..\PANEL\INC;..\UI\BOARD;..\UI\INC;..\UI\MODEL;..\
                    -DRIVER\INC;..\Customer) DEFINE(ModelName=TSUMXX9_DEMO) DEBUG OBJECTEXTEND PRINT(.\List\UserDataSpace.lst) TABS(2) OBJECT
                    -(.\Obj\UserDataSpace.obj)

line level    source

   1          #include "types.h"
   2          
   3          #define NULLBYTE_1  0xFF,//you can define as 0x00 or 0xFF 
   4          #define NULLBYTE_2  NULLBYTE_1 NULLBYTE_1
   5          #define NULLBYTE_4  NULLBYTE_2 NULLBYTE_2
   6          #define NULLBYTE_8  NULLBYTE_4 NULLBYTE_4
   7          #define NULLBYTE_16 NULLBYTE_8 NULLBYTE_8
   8          #define NULLBYTE_32 NULLBYTE_16 NULLBYTE_16
   9          #define NULLBYTE_64 NULLBYTE_32 NULLBYTE_32
  10          #define NULLBYTE_128    NULLBYTE_64 NULLBYTE_64
  11          #define NULLBYTE_256    NULLBYTE_128 NULLBYTE_128
  12          #define NULLBYTE_512    NULLBYTE_256 NULLBYTE_256
  13          #define NULLBYTE_1024   NULLBYTE_512 NULLBYTE_512
  14          #define NULLBYTE_2048   NULLBYTE_1024 NULLBYTE_1024
  15          #define NULLBYTE_4096   NULLBYTE_2048 NULLBYTE_2048
  16          
  17          BYTE code UserDataCode[] =//Set UserDataCode To Bank3 Addr:A000
  18          {
  19              NULLBYTE_4096//sector 1 0x3A000
  20              NULLBYTE_4096//sector 2 0x3B000
  21              NULLBYTE_4096//sector 3 0x3C000
  22              NULLBYTE_4096//sector 4 0x3D000
  23              NULLBYTE_4096//sector 5 0x3E000
  24              NULLBYTE_4096//sector 6 0x3F000
  25          };
  26          
  27          void UserDataSpaceDummy(void)
  28          {
  29   1          BYTE i = UserDataCode[0];
  30   1      }


MODULE INFORMATION:   STATIC OVERLAYABLE
   CODE SIZE        =      8    ----
   CONSTANT SIZE    =  24576    ----
   XDATA SIZE       =   ----    ----
   PDATA SIZE       =   ----    ----
   DATA SIZE        =   ----       1
   IDATA SIZE       =   ----    ----
   BIT SIZE         =   ----    ----
END OF MODULE INFORMATION.


C51 COMPILATION COMPLETE.  0 WARNING(S),  0 ERROR(S)
